2025-01-07 22:14:29 [restartedMain] INFO  m._.travelnote.TravelnoteApplication - Starting TravelnoteApplication using Java 17.0.9 with PID 23152 (D:\workspace\java\portfolio_api_war\travelnote\bin\main started by ehfqn in D:\workspace\java\portfolio_api_war\travelnote)
2025-01-07 22:14:29 [restartedMain] INFO  m._.travelnote.TravelnoteApplication - No active profile set, falling back to 1 default profile: "default"
2025-01-07 22:14:29 [restartedMain] INFO  o.s.b.d.e.DevToolsPropertyDefaultsPostProcessor - Devtools property defaults active! Set 'spring.devtools.add-properties' to 'false' to disable
2025-01-07 22:14:29 [restartedMain] INFO  o.s.b.d.e.DevToolsPropertyDefaultsPostProcessor - For additional web related logging consider setting the 'logging.level.web' property to 'DEBUG'
2025-01-07 22:14:30 [restartedMain] INFO  o.s.b.w.e.tomcat.TomcatWebServer - Tomcat initialized with port 9369 (http)
2025-01-07 22:14:30 [restartedMain] INFO  o.a.coyote.http11.Http11NioProtocol - Initializing ProtocolHandler ["http-nio-9369"]
2025-01-07 22:14:30 [restartedMain] INFO  o.a.catalina.core.StandardService - Starting service [Tomcat]
2025-01-07 22:14:30 [restartedMain] INFO  o.a.catalina.core.StandardEngine - Starting Servlet engine: [Apache Tomcat/10.1.34]
2025-01-07 22:14:30 [restartedMain] INFO  o.a.c.c.C.[Tomcat].[localhost].[/] - Initializing Spring embedded WebApplicationContext
2025-01-07 22:14:30 [restartedMain] INFO  o.s.b.w.s.c.ServletWebServerApplicationContext - Root WebApplicationContext: initialization completed in 961 ms
2025-01-07 22:14:31 [restartedMain] INFO  o.a.coyote.http11.Http11NioProtocol - Starting ProtocolHandler ["http-nio-9369"]
2025-01-07 22:14:31 [restartedMain] INFO  o.s.b.w.e.tomcat.TomcatWebServer - Tomcat started on port 9369 (http) with context path '/'
2025-01-07 22:14:31 [restartedMain] INFO  m._.travelnote.TravelnoteApplication - Started TravelnoteApplication in 1.977 seconds (process running for 2.717)
2025-01-07 22:14:37 [http-nio-9369-exec-1] INFO  o.a.c.c.C.[Tomcat].[localhost].[/] - Initializing Spring DispatcherServlet 'dispatcherServlet'
2025-01-07 22:14:37 [http-nio-9369-exec-1] INFO  o.s.web.servlet.DispatcherServlet - Initializing Servlet 'dispatcherServlet'
2025-01-07 22:14:37 [http-nio-9369-exec-1] INFO  o.s.web.servlet.DispatcherServlet - Completed initialization in 2 ms
2025-01-07 22:14:37 [http-nio-9369-exec-1] INFO  m._.t.controller.CompanyController - initLogin
2025-01-07 22:14:37 [http-nio-9369-exec-2] INFO  m._.t.controller.CompanyController - initLogin
2025-01-07 22:14:37 [http-nio-9369-exec-1] INFO  com.zaxxer.hikari.HikariDataSource - HikariPool-1 - Starting...
2025-01-07 22:14:37 [http-nio-9369-exec-1] INFO  com.zaxxer.hikari.pool.HikariPool - HikariPool-1 - Added connection org.mariadb.jdbc.Connection@495d2f7
2025-01-07 22:14:37 [http-nio-9369-exec-1] INFO  com.zaxxer.hikari.HikariDataSource - HikariPool-1 - Start completed.
2025-01-07 22:14:39 [http-nio-9369-exec-3] INFO  m._.t.controller.UserController - login
2025-01-07 22:14:39 [http-nio-9369-exec-4] INFO  m._.t.controller.ProgramController - getProgramImage
2025-01-07 22:14:41 [http-nio-9369-exec-5] INFO  m._.t.controller.NoticeController - initNotice
2025-01-07 22:15:21 [RMI TCP Connection(10)-127.0.0.1] INFO  o.s.b.a.SpringApplicationAdminMXBeanRegistrar$SpringApplicationAdmin - Application shutdown requested.
2025-01-07 22:15:21 [RMI TCP Connection(10)-127.0.0.1] INFO  o.s.b.w.e.tomcat.GracefulShutdown - Commencing graceful shutdown. Waiting for active requests to complete
2025-01-07 22:15:21 [tomcat-shutdown] INFO  o.a.coyote.http11.Http11NioProtocol - Pausing ProtocolHandler ["http-nio-9369"]
2025-01-07 22:15:21 [tomcat-shutdown] INFO  o.s.b.w.e.tomcat.GracefulShutdown - Graceful shutdown complete
2025-01-07 22:15:21 [RMI TCP Connection(10)-127.0.0.1] INFO  o.a.coyote.http11.Http11NioProtocol - Stopping ProtocolHandler ["http-nio-9369"]
2025-01-07 22:15:21 [RMI TCP Connection(10)-127.0.0.1] INFO  com.zaxxer.hikari.HikariDataSource - HikariPool-1 - Shutdown initiated...
2025-01-07 22:15:21 [RMI TCP Connection(10)-127.0.0.1] INFO  com.zaxxer.hikari.HikariDataSource - HikariPool-1 - Shutdown completed.
